running egg_info
creating ../../build/vehicle_detection_pkg/vehicle_detection_pkg.egg-info
writing ../../build/vehicle_detection_pkg/vehicle_detection_pkg.egg-info/PKG-INFO
writing dependency_links to ../../build/vehicle_detection_pkg/vehicle_detection_pkg.egg-info/dependency_links.txt
writing entry points to ../../build/vehicle_detection_pkg/vehicle_detection_pkg.egg-info/entry_points.txt
writing requirements to ../../build/vehicle_detection_pkg/vehicle_detection_pkg.egg-info/requires.txt
writing top-level names to ../../build/vehicle_detection_pkg/vehicle_detection_pkg.egg-info/top_level.txt
writing manifest file '../../build/vehicle_detection_pkg/vehicle_detection_pkg.egg-info/SOURCES.txt'
reading manifest file '../../build/vehicle_detection_pkg/vehicle_detection_pkg.egg-info/SOURCES.txt'
writing manifest file '../../build/vehicle_detection_pkg/vehicle_detection_pkg.egg-info/SOURCES.txt'
running build
running build_py
creating /home/victorcai/ros2_ws/build/vehicle_detection_pkg/build
creating /home/victorcai/ros2_ws/build/vehicle_detection_pkg/build/lib
creating /home/victorcai/ros2_ws/build/vehicle_detection_pkg/build/lib/vehicle_detection_pkg
copying vehicle_detection_pkg/detection_node.py -> /home/victorcai/ros2_ws/build/vehicle_detection_pkg/build/lib/vehicle_detection_pkg
copying vehicle_detection_pkg/__init__.py -> /home/victorcai/ros2_ws/build/vehicle_detection_pkg/build/lib/vehicle_detection_pkg
running install
running install_lib
creating /home/victorcai/ros2_ws/install/vehicle_detection_pkg/lib/python3.12/site-packages/vehicle_detection_pkg
copying /home/victorcai/ros2_ws/build/vehicle_detection_pkg/build/lib/vehicle_detection_pkg/detection_node.py -> /home/victorcai/ros2_ws/install/vehicle_detection_pkg/lib/python3.12/site-packages/vehicle_detection_pkg
copying /home/victorcai/ros2_ws/build/vehicle_detection_pkg/build/lib/vehicle_detection_pkg/__init__.py -> /home/victorcai/ros2_ws/install/vehicle_detection_pkg/lib/python3.12/site-packages/vehicle_detection_pkg
byte-compiling /home/victorcai/ros2_ws/install/vehicle_detection_pkg/lib/python3.12/site-packages/vehicle_detection_pkg/detection_node.py to detection_node.cpython-312.pyc
byte-compiling /home/victorcai/ros2_ws/install/vehicle_detection_pkg/lib/python3.12/site-packages/vehicle_detection_pkg/__init__.py to __init__.cpython-312.pyc
running install_data
creating /home/victorcai/ros2_ws/install/vehicle_detection_pkg/share/ament_index
creating /home/victorcai/ros2_ws/install/vehicle_detection_pkg/share/ament_index/resource_index
creating /home/victorcai/ros2_ws/install/vehicle_detection_pkg/share/ament_index/resource_index/packages
copying resource/vehicle_detection_pkg -> /home/victorcai/ros2_ws/install/vehicle_detection_pkg/share/ament_index/resource_index/packages
copying package.xml -> /home/victorcai/ros2_ws/install/vehicle_detection_pkg/share/vehicle_detection_pkg
creating /home/victorcai/ros2_ws/install/vehicle_detection_pkg/share/vehicle_detection_pkg/launch
copying launch/detection_launch.py -> /home/victorcai/ros2_ws/install/vehicle_detection_pkg/share/vehicle_detection_pkg/launch
running install_egg_info
Copying ../../build/vehicle_detection_pkg/vehicle_detection_pkg.egg-info to /home/victorcai/ros2_ws/install/vehicle_detection_pkg/lib/python3.12/site-packages/vehicle_detection_pkg-0.0.0-py3.12.egg-info
running install_scripts
Installing detection_node script to /home/victorcai/ros2_ws/install/vehicle_detection_pkg/lib/vehicle_detection_pkg
writing list of installed files to '/home/victorcai/ros2_ws/build/vehicle_detection_pkg/install.log'
