[0.438s] Invoking command in '/home/victorcai/ros2_ws/src/vehicle_detection_pkg': PS1=(venv) \[\e]0;\u@\h: \w\a\]${debian_chroot:+($debian_chroot)}\[\033[01;32m\]\u@\h\[\033[00m\]:\[\033[01;34m\]\w\[\033[00m\]\$ PYTHONPATH=/home/victorcai/ros2_ws/build/vehicle_detection_pkg/prefix_override:/usr/lib/python3/dist-packages/colcon_core/task/python/colcon_distutils_commands:/home/victorcai/ros2_ws/install/vehicle_detection_pkg/lib/python3.12/site-packages:${PYTHONPATH} VIRTUAL_ENV_PROMPT=(venv) /usr/bin/python3 -W ignore:setup.py install is deprecated -W ignore:easy_install command is deprecated setup.py egg_info --egg-base ../../build/vehicle_detection_pkg build --build-base /home/victorcai/ros2_ws/build/vehicle_detection_pkg/build install --record /home/victorcai/ros2_ws/build/vehicle_detection_pkg/install.log --single-version-externally-managed install_data
[0.576s] running egg_info
[0.576s] creating ../../build/vehicle_detection_pkg/vehicle_detection_pkg.egg-info
[0.585s] writing ../../build/vehicle_detection_pkg/vehicle_detection_pkg.egg-info/PKG-INFO
[0.585s] writing dependency_links to ../../build/vehicle_detection_pkg/vehicle_detection_pkg.egg-info/dependency_links.txt
[0.585s] writing entry points to ../../build/vehicle_detection_pkg/vehicle_detection_pkg.egg-info/entry_points.txt
[0.586s] writing requirements to ../../build/vehicle_detection_pkg/vehicle_detection_pkg.egg-info/requires.txt
[0.586s] writing top-level names to ../../build/vehicle_detection_pkg/vehicle_detection_pkg.egg-info/top_level.txt
[0.586s] writing manifest file '../../build/vehicle_detection_pkg/vehicle_detection_pkg.egg-info/SOURCES.txt'
[0.603s] reading manifest file '../../build/vehicle_detection_pkg/vehicle_detection_pkg.egg-info/SOURCES.txt'
[0.604s] writing manifest file '../../build/vehicle_detection_pkg/vehicle_detection_pkg.egg-info/SOURCES.txt'
[0.604s] running build
[0.604s] running build_py
[0.604s] creating /home/victorcai/ros2_ws/build/vehicle_detection_pkg/build
[0.604s] creating /home/victorcai/ros2_ws/build/vehicle_detection_pkg/build/lib
[0.604s] creating /home/victorcai/ros2_ws/build/vehicle_detection_pkg/build/lib/vehicle_detection_pkg
[0.605s] copying vehicle_detection_pkg/detection_node.py -> /home/victorcai/ros2_ws/build/vehicle_detection_pkg/build/lib/vehicle_detection_pkg
[0.605s] copying vehicle_detection_pkg/__init__.py -> /home/victorcai/ros2_ws/build/vehicle_detection_pkg/build/lib/vehicle_detection_pkg
[0.605s] running install
[0.608s] running install_lib
[0.617s] creating /home/victorcai/ros2_ws/install/vehicle_detection_pkg/lib/python3.12/site-packages/vehicle_detection_pkg
[0.618s] copying /home/victorcai/ros2_ws/build/vehicle_detection_pkg/build/lib/vehicle_detection_pkg/detection_node.py -> /home/victorcai/ros2_ws/install/vehicle_detection_pkg/lib/python3.12/site-packages/vehicle_detection_pkg
[0.618s] copying /home/victorcai/ros2_ws/build/vehicle_detection_pkg/build/lib/vehicle_detection_pkg/__init__.py -> /home/victorcai/ros2_ws/install/vehicle_detection_pkg/lib/python3.12/site-packages/vehicle_detection_pkg
[0.619s] byte-compiling /home/victorcai/ros2_ws/install/vehicle_detection_pkg/lib/python3.12/site-packages/vehicle_detection_pkg/detection_node.py to detection_node.cpython-312.pyc
[0.620s] byte-compiling /home/victorcai/ros2_ws/install/vehicle_detection_pkg/lib/python3.12/site-packages/vehicle_detection_pkg/__init__.py to __init__.cpython-312.pyc
[0.620s] running install_data
[0.620s] creating /home/victorcai/ros2_ws/install/vehicle_detection_pkg/share/ament_index
[0.620s] creating /home/victorcai/ros2_ws/install/vehicle_detection_pkg/share/ament_index/resource_index
[0.620s] creating /home/victorcai/ros2_ws/install/vehicle_detection_pkg/share/ament_index/resource_index/packages
[0.620s] copying resource/vehicle_detection_pkg -> /home/victorcai/ros2_ws/install/vehicle_detection_pkg/share/ament_index/resource_index/packages
[0.620s] copying package.xml -> /home/victorcai/ros2_ws/install/vehicle_detection_pkg/share/vehicle_detection_pkg
[0.620s] creating /home/victorcai/ros2_ws/install/vehicle_detection_pkg/share/vehicle_detection_pkg/launch
[0.621s] copying launch/detection_launch.py -> /home/victorcai/ros2_ws/install/vehicle_detection_pkg/share/vehicle_detection_pkg/launch
[0.621s] running install_egg_info
[0.630s] Copying ../../build/vehicle_detection_pkg/vehicle_detection_pkg.egg-info to /home/victorcai/ros2_ws/install/vehicle_detection_pkg/lib/python3.12/site-packages/vehicle_detection_pkg-0.0.0-py3.12.egg-info
[0.630s] running install_scripts
[0.695s] Installing detection_node script to /home/victorcai/ros2_ws/install/vehicle_detection_pkg/lib/vehicle_detection_pkg
[0.696s] writing list of installed files to '/home/victorcai/ros2_ws/build/vehicle_detection_pkg/install.log'
[0.721s] Invoked command in '/home/victorcai/ros2_ws/src/vehicle_detection_pkg' returned '0': PS1=(venv) \[\e]0;\u@\h: \w\a\]${debian_chroot:+($debian_chroot)}\[\033[01;32m\]\u@\h\[\033[00m\]:\[\033[01;34m\]\w\[\033[00m\]\$ PYTHONPATH=/home/victorcai/ros2_ws/build/vehicle_detection_pkg/prefix_override:/usr/lib/python3/dist-packages/colcon_core/task/python/colcon_distutils_commands:/home/victorcai/ros2_ws/install/vehicle_detection_pkg/lib/python3.12/site-packages:${PYTHONPATH} VIRTUAL_ENV_PROMPT=(venv) /usr/bin/python3 -W ignore:setup.py install is deprecated -W ignore:easy_install command is deprecated setup.py egg_info --egg-base ../../build/vehicle_detection_pkg build --build-base /home/victorcai/ros2_ws/build/vehicle_detection_pkg/build install --record /home/victorcai/ros2_ws/build/vehicle_detection_pkg/install.log --single-version-externally-managed install_data
